28-Jul-2022 00:44:49.287 INFO [main] org.apache.catalina.startup.VersionLoggerListener.log Server version name:   Apache Tomcat/9.0.59
28-Jul-2022 00:44:49.291 INFO [main] org.apache.catalina.startup.VersionLoggerListener.log Server built:          Feb 21 2022 21:01:10 UTC
28-Jul-2022 00:44:49.291 INFO [main] org.apache.catalina.startup.VersionLoggerListener.log Server version number: 9.0.59.0
28-Jul-2022 00:44:49.292 INFO [main] org.apache.catalina.startup.VersionLoggerListener.log OS Name:               Mac OS X
28-Jul-2022 00:44:49.292 INFO [main] org.apache.catalina.startup.VersionLoggerListener.log OS Version:            12.4
28-Jul-2022 00:44:49.292 INFO [main] org.apache.catalina.startup.VersionLoggerListener.log Architecture:          x86_64
28-Jul-2022 00:44:49.292 INFO [main] org.apache.catalina.startup.VersionLoggerListener.log Java Home:             /Library/Java/JavaVirtualMachines/jdk-17.jdk/Contents/Home
28-Jul-2022 00:44:49.292 INFO [main] org.apache.catalina.startup.VersionLoggerListener.log JVM Version:           17+35-LTS-2724
28-Jul-2022 00:44:49.292 INFO [main] org.apache.catalina.startup.VersionLoggerListener.log JVM Vendor:            Oracle Corporation
28-Jul-2022 00:44:49.292 INFO [main] org.apache.catalina.startup.VersionLoggerListener.log CATALINA_BASE:         /Users/maccheese/Desktop/Documenti/progettoTsw/apache-tomcat-9.0.59
28-Jul-2022 00:44:49.292 INFO [main] org.apache.catalina.startup.VersionLoggerListener.log CATALINA_HOME:         /Users/maccheese/Desktop/Documenti/progettoTsw/apache-tomcat-9.0.59
28-Jul-2022 00:44:49.346 INFO [main] org.apache.catalina.startup.VersionLoggerListener.log Command line argument: --add-opens=java.base/java.lang=ALL-UNNAMED
28-Jul-2022 00:44:49.346 INFO [main] org.apache.catalina.startup.VersionLoggerListener.log Command line argument: --add-opens=java.base/java.io=ALL-UNNAMED
28-Jul-2022 00:44:49.346 INFO [main] org.apache.catalina.startup.VersionLoggerListener.log Command line argument: --add-opens=java.base/java.util=ALL-UNNAMED
28-Jul-2022 00:44:49.346 INFO [main] org.apache.catalina.startup.VersionLoggerListener.log Command line argument: --add-opens=java.base/java.util.concurrent=ALL-UNNAMED
28-Jul-2022 00:44:49.346 INFO [main] org.apache.catalina.startup.VersionLoggerListener.log Command line argument: --add-opens=java.rmi/sun.rmi.transport=ALL-UNNAMED
28-Jul-2022 00:44:49.346 INFO [main] org.apache.catalina.startup.VersionLoggerListener.log Command line argument: -Djava.util.logging.config.file=/Users/maccheese/Desktop/Documenti/progettoTsw/apache-tomcat-9.0.59/conf/logging.properties
28-Jul-2022 00:44:49.346 INFO [main] org.apache.catalina.startup.VersionLoggerListener.log Command line argument: -Djava.util.logging.manager=org.apache.juli.ClassLoaderLogManager
28-Jul-2022 00:44:49.346 INFO [main] org.apache.catalina.startup.VersionLoggerListener.log Command line argument: -Djdk.tls.ephemeralDHKeySize=2048
28-Jul-2022 00:44:49.346 INFO [main] org.apache.catalina.startup.VersionLoggerListener.log Command line argument: -Djava.protocol.handler.pkgs=org.apache.catalina.webresources
28-Jul-2022 00:44:49.347 INFO [main] org.apache.catalina.startup.VersionLoggerListener.log Command line argument: -Dorg.apache.catalina.security.SecurityListener.UMASK=0027
28-Jul-2022 00:44:49.347 INFO [main] org.apache.catalina.startup.VersionLoggerListener.log Command line argument: -Dignore.endorsed.dirs=
28-Jul-2022 00:44:49.347 INFO [main] org.apache.catalina.startup.VersionLoggerListener.log Command line argument: -Dcatalina.base=/Users/maccheese/Desktop/Documenti/progettoTsw/apache-tomcat-9.0.59
28-Jul-2022 00:44:49.347 INFO [main] org.apache.catalina.startup.VersionLoggerListener.log Command line argument: -Dcatalina.home=/Users/maccheese/Desktop/Documenti/progettoTsw/apache-tomcat-9.0.59
28-Jul-2022 00:44:49.347 INFO [main] org.apache.catalina.startup.VersionLoggerListener.log Command line argument: -Djava.io.tmpdir=/Users/maccheese/Desktop/Documenti/progettoTsw/apache-tomcat-9.0.59/temp
28-Jul-2022 00:44:49.349 INFO [main] org.apache.catalina.core.AprLifecycleListener.lifecycleEvent The Apache Tomcat Native library which allows using OpenSSL was not found on the java.library.path: [/Users/maccheese/Library/Java/Extensions:/Library/Java/Extensions:/Network/Library/Java/Extensions:/System/Library/Java/Extensions:/usr/lib/java:.]
28-Jul-2022 00:44:49.627 INFO [main] org.apache.coyote.AbstractProtocol.init Initializing ProtocolHandler ["http-nio-8080"]
28-Jul-2022 00:44:49.680 INFO [main] org.apache.catalina.startup.Catalina.load Server initialization in [590] milliseconds
28-Jul-2022 00:44:49.719 WARNING [main] org.apache.catalina.users.MemoryUserDatabase.createUser Null or zero length user name specified. The user will be ignored.
28-Jul-2022 00:44:49.719 INFO [main] org.apache.tomcat.util.digester.FactoryCreateRule.begin Error creating object: [Null or zero length user name specified. The user will be ignored.]
28-Jul-2022 00:44:49.722 INFO [main] org.apache.catalina.core.StandardService.startInternal Starting service [Catalina]
28-Jul-2022 00:44:49.722 INFO [main] org.apache.catalina.core.StandardEngine.startInternal Starting Servlet engine: [Apache Tomcat/9.0.59]
28-Jul-2022 00:44:49.738 INFO [main] org.apache.catalina.startup.HostConfig.deployWAR Deploying web application archive [/Users/maccheese/Desktop/Documenti/progettoTsw/apache-tomcat-9.0.59/webapps/ArborVitae.war]
28-Jul-2022 00:44:50.316 INFO [main] org.apache.jasper.servlet.TldScanner.scanJars At least one JAR was scanned for TLDs yet contained no TLDs. Enable debug logging for this logger for a complete list of JARs that were scanned but no TLDs were found in them. Skipping unneeded JARs during scanning can improve startup time and JSP compilation time.
28-Jul-2022 00:44:50.366 INFO [main] org.apache.catalina.startup.HostConfig.deployWAR Deployment of web application archive [/Users/maccheese/Desktop/Documenti/progettoTsw/apache-tomcat-9.0.59/webapps/ArborVitae.war] has finished in [628] ms
28-Jul-2022 00:44:50.368 INFO [main] org.apache.catalina.startup.HostConfig.deployWAR Deploying web application archive [/Users/maccheese/Desktop/Documenti/progettoTsw/apache-tomcat-9.0.59/webapps/SumNumbers.war]
28-Jul-2022 00:44:50.600 INFO [main] org.apache.jasper.servlet.TldScanner.scanJars At least one JAR was scanned for TLDs yet contained no TLDs. Enable debug logging for this logger for a complete list of JARs that were scanned but no TLDs were found in them. Skipping unneeded JARs during scanning can improve startup time and JSP compilation time.
28-Jul-2022 00:44:50.602 INFO [main] org.apache.catalina.startup.HostConfig.deployWAR Deployment of web application archive [/Users/maccheese/Desktop/Documenti/progettoTsw/apache-tomcat-9.0.59/webapps/SumNumbers.war] has finished in [234] ms
28-Jul-2022 00:44:50.604 INFO [main] org.apache.catalina.startup.HostConfig.deployWAR Deploying web application archive [/Users/maccheese/Desktop/Documenti/progettoTsw/apache-tomcat-9.0.59/webapps/test-app.war]
28-Jul-2022 00:44:50.629 INFO [main] org.apache.catalina.startup.HostConfig.deployWAR Deployment of web application archive [/Users/maccheese/Desktop/Documenti/progettoTsw/apache-tomcat-9.0.59/webapps/test-app.war] has finished in [24] ms
28-Jul-2022 00:44:50.630 INFO [main] org.apache.catalina.startup.HostConfig.deployDirectory Deploying web application directory [/Users/maccheese/Desktop/Documenti/progettoTsw/apache-tomcat-9.0.59/webapps/docs]
28-Jul-2022 00:44:50.649 INFO [main] org.apache.catalina.startup.HostConfig.deployDirectory Deployment of web application directory [/Users/maccheese/Desktop/Documenti/progettoTsw/apache-tomcat-9.0.59/webapps/docs] has finished in [19] ms
28-Jul-2022 00:44:50.650 INFO [main] org.apache.catalina.startup.HostConfig.deployDirectory Deploying web application directory [/Users/maccheese/Desktop/Documenti/progettoTsw/apache-tomcat-9.0.59/webapps/manager]
28-Jul-2022 00:44:50.685 INFO [main] org.apache.catalina.startup.HostConfig.deployDirectory Deployment of web application directory [/Users/maccheese/Desktop/Documenti/progettoTsw/apache-tomcat-9.0.59/webapps/manager] has finished in [35] ms
28-Jul-2022 00:44:50.686 INFO [main] org.apache.catalina.startup.HostConfig.deployDirectory Deploying web application directory [/Users/maccheese/Desktop/Documenti/progettoTsw/apache-tomcat-9.0.59/webapps/examples]
28-Jul-2022 00:44:50.893 INFO [main] org.apache.catalina.startup.HostConfig.deployDirectory Deployment of web application directory [/Users/maccheese/Desktop/Documenti/progettoTsw/apache-tomcat-9.0.59/webapps/examples] has finished in [207] ms
28-Jul-2022 00:44:50.894 INFO [main] org.apache.catalina.startup.HostConfig.deployDirectory Deploying web application directory [/Users/maccheese/Desktop/Documenti/progettoTsw/apache-tomcat-9.0.59/webapps/ROOT]
28-Jul-2022 00:44:50.907 INFO [main] org.apache.catalina.startup.HostConfig.deployDirectory Deployment of web application directory [/Users/maccheese/Desktop/Documenti/progettoTsw/apache-tomcat-9.0.59/webapps/ROOT] has finished in [13] ms
28-Jul-2022 00:44:50.907 INFO [main] org.apache.catalina.startup.HostConfig.deployDirectory Deploying web application directory [/Users/maccheese/Desktop/Documenti/progettoTsw/apache-tomcat-9.0.59/webapps/host-manager]
28-Jul-2022 00:44:50.925 INFO [main] org.apache.catalina.startup.HostConfig.deployDirectory Deployment of web application directory [/Users/maccheese/Desktop/Documenti/progettoTsw/apache-tomcat-9.0.59/webapps/host-manager] has finished in [18] ms
28-Jul-2022 00:44:50.929 INFO [main] org.apache.coyote.AbstractProtocol.start Starting ProtocolHandler ["http-nio-8080"]
28-Jul-2022 00:44:50.944 INFO [main] org.apache.catalina.startup.Catalina.start Server startup in [1263] milliseconds
28-Jul-2022 01:29:12.068 INFO [Thread-2] org.apache.coyote.AbstractProtocol.pause Pausing ProtocolHandler ["http-nio-8080"]
28-Jul-2022 01:29:12.072 INFO [Thread-2] org.apache.catalina.core.StandardService.stopInternal Stopping service [Catalina]
28-Jul-2022 01:29:12.087 WARNING [Thread-2] org.apache.catalina.loader.WebappClassLoaderBase.clearReferencesThreads The web application [SumNumbers] appears to have started a thread named [Abandoned connection cleanup thread] but has failed to stop it. This is very likely to create a memory leak. Stack trace of thread:
 java.base@17/java.lang.Object.wait(Native Method)
 java.base@17/java.lang.ref.ReferenceQueue.remove(ReferenceQueue.java:155)
 com.mysql.cj.jdbc.AbandonedConnectionCleanupThread.run(AbandonedConnectionCleanupThread.java:70)
 java.base@17/java.util.concurrent.ThreadPoolExecutor.runWorker(ThreadPoolExecutor.java:1136)
 java.base@17/java.util.concurrent.ThreadPoolExecutor$Worker.run(ThreadPoolExecutor.java:635)
 java.base@17/java.lang.Thread.run(Thread.java:833)
28-Jul-2022 01:29:12.113 WARNING [Thread-2] org.apache.catalina.loader.WebappClassLoaderBase.clearReferencesJdbc The web application [ArborVitae] registered the JDBC driver [com.mysql.cj.jdbc.Driver] but failed to unregister it when the web application was stopped. To prevent a memory leak, the JDBC Driver has been forcibly unregistered.
28-Jul-2022 01:29:12.114 WARNING [Thread-2] org.apache.catalina.loader.WebappClassLoaderBase.clearReferencesThreads The web application [ArborVitae] appears to have started a thread named [mysql-cj-abandoned-connection-cleanup] but has failed to stop it. This is very likely to create a memory leak. Stack trace of thread:
 java.base@17/java.lang.Object.wait(Native Method)
 java.base@17/java.lang.ref.ReferenceQueue.remove(ReferenceQueue.java:155)
 com.mysql.cj.jdbc.AbandonedConnectionCleanupThread.run(AbandonedConnectionCleanupThread.java:91)
 java.base@17/java.util.concurrent.ThreadPoolExecutor.runWorker(ThreadPoolExecutor.java:1136)
 java.base@17/java.util.concurrent.ThreadPoolExecutor$Worker.run(ThreadPoolExecutor.java:635)
 java.base@17/java.lang.Thread.run(Thread.java:833)
28-Jul-2022 01:29:12.118 INFO [Thread-2] org.apache.coyote.AbstractProtocol.stop Stopping ProtocolHandler ["http-nio-8080"]
28-Jul-2022 01:29:12.131 INFO [Thread-2] org.apache.coyote.AbstractProtocol.destroy Destroying ProtocolHandler ["http-nio-8080"]
