20-Jul-2022 17:46:03.313 INFO [main] org.apache.catalina.startup.VersionLoggerListener.log Server version name:   Apache Tomcat/9.0.59
20-Jul-2022 17:46:03.318 INFO [main] org.apache.catalina.startup.VersionLoggerListener.log Server built:          Feb 21 2022 21:01:10 UTC
20-Jul-2022 17:46:03.318 INFO [main] org.apache.catalina.startup.VersionLoggerListener.log Server version number: 9.0.59.0
20-Jul-2022 17:46:03.318 INFO [main] org.apache.catalina.startup.VersionLoggerListener.log OS Name:               Mac OS X
20-Jul-2022 17:46:03.318 INFO [main] org.apache.catalina.startup.VersionLoggerListener.log OS Version:            12.4
20-Jul-2022 17:46:03.318 INFO [main] org.apache.catalina.startup.VersionLoggerListener.log Architecture:          x86_64
20-Jul-2022 17:46:03.318 INFO [main] org.apache.catalina.startup.VersionLoggerListener.log Java Home:             /Library/Java/JavaVirtualMachines/jdk-17.jdk/Contents/Home
20-Jul-2022 17:46:03.318 INFO [main] org.apache.catalina.startup.VersionLoggerListener.log JVM Version:           17+35-LTS-2724
20-Jul-2022 17:46:03.318 INFO [main] org.apache.catalina.startup.VersionLoggerListener.log JVM Vendor:            Oracle Corporation
20-Jul-2022 17:46:03.319 INFO [main] org.apache.catalina.startup.VersionLoggerListener.log CATALINA_BASE:         /Users/maccheese/Desktop/Documenti/progettoTsw/apache-tomcat-9.0.59
20-Jul-2022 17:46:03.319 INFO [main] org.apache.catalina.startup.VersionLoggerListener.log CATALINA_HOME:         /Users/maccheese/Desktop/Documenti/progettoTsw/apache-tomcat-9.0.59
20-Jul-2022 17:46:03.371 INFO [main] org.apache.catalina.startup.VersionLoggerListener.log Command line argument: --add-opens=java.base/java.lang=ALL-UNNAMED
20-Jul-2022 17:46:03.372 INFO [main] org.apache.catalina.startup.VersionLoggerListener.log Command line argument: --add-opens=java.base/java.io=ALL-UNNAMED
20-Jul-2022 17:46:03.372 INFO [main] org.apache.catalina.startup.VersionLoggerListener.log Command line argument: --add-opens=java.base/java.util=ALL-UNNAMED
20-Jul-2022 17:46:03.372 INFO [main] org.apache.catalina.startup.VersionLoggerListener.log Command line argument: --add-opens=java.base/java.util.concurrent=ALL-UNNAMED
20-Jul-2022 17:46:03.372 INFO [main] org.apache.catalina.startup.VersionLoggerListener.log Command line argument: --add-opens=java.rmi/sun.rmi.transport=ALL-UNNAMED
20-Jul-2022 17:46:03.372 INFO [main] org.apache.catalina.startup.VersionLoggerListener.log Command line argument: -Djava.util.logging.config.file=/Users/maccheese/Desktop/Documenti/progettoTsw/apache-tomcat-9.0.59/conf/logging.properties
20-Jul-2022 17:46:03.372 INFO [main] org.apache.catalina.startup.VersionLoggerListener.log Command line argument: -Djava.util.logging.manager=org.apache.juli.ClassLoaderLogManager
20-Jul-2022 17:46:03.372 INFO [main] org.apache.catalina.startup.VersionLoggerListener.log Command line argument: -Djdk.tls.ephemeralDHKeySize=2048
20-Jul-2022 17:46:03.372 INFO [main] org.apache.catalina.startup.VersionLoggerListener.log Command line argument: -Djava.protocol.handler.pkgs=org.apache.catalina.webresources
20-Jul-2022 17:46:03.372 INFO [main] org.apache.catalina.startup.VersionLoggerListener.log Command line argument: -Dorg.apache.catalina.security.SecurityListener.UMASK=0027
20-Jul-2022 17:46:03.372 INFO [main] org.apache.catalina.startup.VersionLoggerListener.log Command line argument: -Dignore.endorsed.dirs=
20-Jul-2022 17:46:03.372 INFO [main] org.apache.catalina.startup.VersionLoggerListener.log Command line argument: -Dcatalina.base=/Users/maccheese/Desktop/Documenti/progettoTsw/apache-tomcat-9.0.59
20-Jul-2022 17:46:03.372 INFO [main] org.apache.catalina.startup.VersionLoggerListener.log Command line argument: -Dcatalina.home=/Users/maccheese/Desktop/Documenti/progettoTsw/apache-tomcat-9.0.59
20-Jul-2022 17:46:03.373 INFO [main] org.apache.catalina.startup.VersionLoggerListener.log Command line argument: -Djava.io.tmpdir=/Users/maccheese/Desktop/Documenti/progettoTsw/apache-tomcat-9.0.59/temp
20-Jul-2022 17:46:03.375 INFO [main] org.apache.catalina.core.AprLifecycleListener.lifecycleEvent The Apache Tomcat Native library which allows using OpenSSL was not found on the java.library.path: [/Users/maccheese/Library/Java/Extensions:/Library/Java/Extensions:/Network/Library/Java/Extensions:/System/Library/Java/Extensions:/usr/lib/java:.]
20-Jul-2022 17:46:03.635 INFO [main] org.apache.coyote.AbstractProtocol.init Initializing ProtocolHandler ["http-nio-8080"]
20-Jul-2022 17:46:03.685 INFO [main] org.apache.catalina.startup.Catalina.load Server initialization in [558] milliseconds
20-Jul-2022 17:46:03.720 WARNING [main] org.apache.catalina.users.MemoryUserDatabase.createUser Null or zero length user name specified. The user will be ignored.
20-Jul-2022 17:46:03.720 INFO [main] org.apache.tomcat.util.digester.FactoryCreateRule.begin Error creating object: [Null or zero length user name specified. The user will be ignored.]
20-Jul-2022 17:46:03.723 INFO [main] org.apache.catalina.core.StandardService.startInternal Starting service [Catalina]
20-Jul-2022 17:46:03.723 INFO [main] org.apache.catalina.core.StandardEngine.startInternal Starting Servlet engine: [Apache Tomcat/9.0.59]
20-Jul-2022 17:46:03.738 INFO [main] org.apache.catalina.startup.HostConfig.deployWAR Deploying web application archive [/Users/maccheese/Desktop/Documenti/progettoTsw/apache-tomcat-9.0.59/webapps/ArborVitae.war]
20-Jul-2022 17:46:04.260 INFO [main] org.apache.jasper.servlet.TldScanner.scanJars At least one JAR was scanned for TLDs yet contained no TLDs. Enable debug logging for this logger for a complete list of JARs that were scanned but no TLDs were found in them. Skipping unneeded JARs during scanning can improve startup time and JSP compilation time.
20-Jul-2022 17:46:04.297 INFO [main] org.apache.catalina.startup.HostConfig.deployWAR Deployment of web application archive [/Users/maccheese/Desktop/Documenti/progettoTsw/apache-tomcat-9.0.59/webapps/ArborVitae.war] has finished in [558] ms
20-Jul-2022 17:46:04.299 INFO [main] org.apache.catalina.startup.HostConfig.deployWAR Deploying web application archive [/Users/maccheese/Desktop/Documenti/progettoTsw/apache-tomcat-9.0.59/webapps/SumNumbers.war]
20-Jul-2022 17:46:04.499 INFO [main] org.apache.jasper.servlet.TldScanner.scanJars At least one JAR was scanned for TLDs yet contained no TLDs. Enable debug logging for this logger for a complete list of JARs that were scanned but no TLDs were found in them. Skipping unneeded JARs during scanning can improve startup time and JSP compilation time.
20-Jul-2022 17:46:04.501 INFO [main] org.apache.catalina.startup.HostConfig.deployWAR Deployment of web application archive [/Users/maccheese/Desktop/Documenti/progettoTsw/apache-tomcat-9.0.59/webapps/SumNumbers.war] has finished in [202] ms
20-Jul-2022 17:46:04.503 INFO [main] org.apache.catalina.startup.HostConfig.deployWAR Deploying web application archive [/Users/maccheese/Desktop/Documenti/progettoTsw/apache-tomcat-9.0.59/webapps/test-app.war]
20-Jul-2022 17:46:04.522 INFO [main] org.apache.catalina.startup.HostConfig.deployWAR Deployment of web application archive [/Users/maccheese/Desktop/Documenti/progettoTsw/apache-tomcat-9.0.59/webapps/test-app.war] has finished in [19] ms
20-Jul-2022 17:46:04.523 INFO [main] org.apache.catalina.startup.HostConfig.deployDirectory Deploying web application directory [/Users/maccheese/Desktop/Documenti/progettoTsw/apache-tomcat-9.0.59/webapps/docs]
20-Jul-2022 17:46:04.537 INFO [main] org.apache.catalina.startup.HostConfig.deployDirectory Deployment of web application directory [/Users/maccheese/Desktop/Documenti/progettoTsw/apache-tomcat-9.0.59/webapps/docs] has finished in [14] ms
20-Jul-2022 17:46:04.537 INFO [main] org.apache.catalina.startup.HostConfig.deployDirectory Deploying web application directory [/Users/maccheese/Desktop/Documenti/progettoTsw/apache-tomcat-9.0.59/webapps/manager]
20-Jul-2022 17:46:04.564 INFO [main] org.apache.catalina.startup.HostConfig.deployDirectory Deployment of web application directory [/Users/maccheese/Desktop/Documenti/progettoTsw/apache-tomcat-9.0.59/webapps/manager] has finished in [27] ms
20-Jul-2022 17:46:04.564 INFO [main] org.apache.catalina.startup.HostConfig.deployDirectory Deploying web application directory [/Users/maccheese/Desktop/Documenti/progettoTsw/apache-tomcat-9.0.59/webapps/examples]
20-Jul-2022 17:46:04.732 INFO [main] org.apache.catalina.startup.HostConfig.deployDirectory Deployment of web application directory [/Users/maccheese/Desktop/Documenti/progettoTsw/apache-tomcat-9.0.59/webapps/examples] has finished in [167] ms
20-Jul-2022 17:46:04.732 INFO [main] org.apache.catalina.startup.HostConfig.deployDirectory Deploying web application directory [/Users/maccheese/Desktop/Documenti/progettoTsw/apache-tomcat-9.0.59/webapps/ROOT]
20-Jul-2022 17:46:04.745 INFO [main] org.apache.catalina.startup.HostConfig.deployDirectory Deployment of web application directory [/Users/maccheese/Desktop/Documenti/progettoTsw/apache-tomcat-9.0.59/webapps/ROOT] has finished in [13] ms
20-Jul-2022 17:46:04.745 INFO [main] org.apache.catalina.startup.HostConfig.deployDirectory Deploying web application directory [/Users/maccheese/Desktop/Documenti/progettoTsw/apache-tomcat-9.0.59/webapps/host-manager]
20-Jul-2022 17:46:04.762 INFO [main] org.apache.catalina.startup.HostConfig.deployDirectory Deployment of web application directory [/Users/maccheese/Desktop/Documenti/progettoTsw/apache-tomcat-9.0.59/webapps/host-manager] has finished in [17] ms
20-Jul-2022 17:46:04.765 INFO [main] org.apache.coyote.AbstractProtocol.start Starting ProtocolHandler ["http-nio-8080"]
20-Jul-2022 17:46:04.779 INFO [main] org.apache.catalina.startup.Catalina.start Server startup in [1093] milliseconds
20-Jul-2022 22:57:36.591 INFO [Thread-2] org.apache.coyote.AbstractProtocol.pause Pausing ProtocolHandler ["http-nio-8080"]
20-Jul-2022 22:57:36.608 INFO [Thread-2] org.apache.catalina.core.StandardService.stopInternal Stopping service [Catalina]
20-Jul-2022 22:57:36.651 WARNING [Thread-2] org.apache.catalina.loader.WebappClassLoaderBase.clearReferencesThreads The web application [SumNumbers] appears to have started a thread named [Abandoned connection cleanup thread] but has failed to stop it. This is very likely to create a memory leak. Stack trace of thread:
 java.base@17/java.lang.Object.wait(Native Method)
 java.base@17/java.lang.ref.ReferenceQueue.remove(ReferenceQueue.java:155)
 com.mysql.cj.jdbc.AbandonedConnectionCleanupThread.run(AbandonedConnectionCleanupThread.java:70)
 java.base@17/java.util.concurrent.ThreadPoolExecutor.runWorker(ThreadPoolExecutor.java:1136)
 java.base@17/java.util.concurrent.ThreadPoolExecutor$Worker.run(ThreadPoolExecutor.java:635)
 java.base@17/java.lang.Thread.run(Thread.java:833)
20-Jul-2022 22:57:36.679 WARNING [Thread-2] org.apache.catalina.loader.WebappClassLoaderBase.clearReferencesJdbc The web application [ArborVitae] registered the JDBC driver [com.mysql.cj.jdbc.Driver] but failed to unregister it when the web application was stopped. To prevent a memory leak, the JDBC Driver has been forcibly unregistered.
20-Jul-2022 22:57:36.680 WARNING [Thread-2] org.apache.catalina.loader.WebappClassLoaderBase.clearReferencesThreads The web application [ArborVitae] appears to have started a thread named [mysql-cj-abandoned-connection-cleanup] but has failed to stop it. This is very likely to create a memory leak. Stack trace of thread:
 java.base@17/java.lang.Object.wait(Native Method)
 java.base@17/java.lang.ref.ReferenceQueue.remove(ReferenceQueue.java:155)
 com.mysql.cj.jdbc.AbandonedConnectionCleanupThread.run(AbandonedConnectionCleanupThread.java:91)
 java.base@17/java.util.concurrent.ThreadPoolExecutor.runWorker(ThreadPoolExecutor.java:1136)
 java.base@17/java.util.concurrent.ThreadPoolExecutor$Worker.run(ThreadPoolExecutor.java:635)
 java.base@17/java.lang.Thread.run(Thread.java:833)
20-Jul-2022 22:57:36.684 INFO [Thread-2] org.apache.coyote.AbstractProtocol.stop Stopping ProtocolHandler ["http-nio-8080"]
20-Jul-2022 22:57:36.698 INFO [Thread-2] org.apache.coyote.AbstractProtocol.destroy Destroying ProtocolHandler ["http-nio-8080"]
