07-Jul-2022 09:58:25.604 INFO [main] org.apache.catalina.core.ApplicationContext.log ContextListener: contextInitialized()
07-Jul-2022 09:58:25.604 INFO [main] org.apache.catalina.core.ApplicationContext.log SessionListener: contextInitialized()
07-Jul-2022 09:58:25.605 INFO [main] org.apache.catalina.core.ApplicationContext.log ContextListener: attributeAdded('StockTicker', 'async.Stockticker@5116ac09')
07-Jul-2022 10:03:58.123 INFO [main] org.apache.catalina.core.ApplicationContext.log SessionListener: contextDestroyed()
07-Jul-2022 10:03:58.123 INFO [main] org.apache.catalina.core.ApplicationContext.log ContextListener: contextDestroyed()
07-Jul-2022 10:04:07.760 INFO [main] org.apache.catalina.core.ApplicationContext.log ContextListener: contextInitialized()
07-Jul-2022 10:04:07.760 INFO [main] org.apache.catalina.core.ApplicationContext.log SessionListener: contextInitialized()
07-Jul-2022 10:04:07.761 INFO [main] org.apache.catalina.core.ApplicationContext.log ContextListener: attributeAdded('StockTicker', 'async.Stockticker@4bb8855f')
07-Jul-2022 10:08:44.293 INFO [main] org.apache.catalina.core.ApplicationContext.log SessionListener: contextDestroyed()
07-Jul-2022 10:08:44.294 INFO [main] org.apache.catalina.core.ApplicationContext.log ContextListener: contextDestroyed()
07-Jul-2022 10:08:50.166 INFO [main] org.apache.catalina.core.ApplicationContext.log ContextListener: contextInitialized()
07-Jul-2022 10:08:50.166 INFO [main] org.apache.catalina.core.ApplicationContext.log SessionListener: contextInitialized()
07-Jul-2022 10:08:50.166 INFO [main] org.apache.catalina.core.ApplicationContext.log ContextListener: attributeAdded('StockTicker', 'async.Stockticker@6dfa915a')
07-Jul-2022 10:10:09.259 INFO [Thread-2] org.apache.catalina.core.ApplicationContext.log SessionListener: contextDestroyed()
07-Jul-2022 10:10:09.259 INFO [Thread-2] org.apache.catalina.core.ApplicationContext.log ContextListener: contextDestroyed()
07-Jul-2022 10:12:04.433 INFO [main] org.apache.catalina.core.ApplicationContext.log ContextListener: contextInitialized()
07-Jul-2022 10:12:04.433 INFO [main] org.apache.catalina.core.ApplicationContext.log SessionListener: contextInitialized()
07-Jul-2022 10:12:04.434 INFO [main] org.apache.catalina.core.ApplicationContext.log ContextListener: attributeAdded('StockTicker', 'async.Stockticker@3c3a0032')
07-Jul-2022 10:14:40.716 INFO [main] org.apache.catalina.core.ApplicationContext.log ContextListener: contextInitialized()
07-Jul-2022 10:14:40.716 INFO [main] org.apache.catalina.core.ApplicationContext.log SessionListener: contextInitialized()
07-Jul-2022 10:14:40.717 INFO [main] org.apache.catalina.core.ApplicationContext.log ContextListener: attributeAdded('StockTicker', 'async.Stockticker@35c12c7a')
07-Jul-2022 10:14:40.775 INFO [main] org.apache.catalina.core.ApplicationContext.log SessionListener: contextDestroyed()
07-Jul-2022 10:14:40.775 INFO [main] org.apache.catalina.core.ApplicationContext.log ContextListener: contextDestroyed()
07-Jul-2022 10:14:43.248 INFO [main] org.apache.catalina.core.ApplicationContext.log SessionListener: contextDestroyed()
07-Jul-2022 10:14:43.249 INFO [main] org.apache.catalina.core.ApplicationContext.log ContextListener: contextDestroyed()
07-Jul-2022 10:15:02.276 INFO [main] org.apache.catalina.core.ApplicationContext.log ContextListener: contextInitialized()
07-Jul-2022 10:15:02.276 INFO [main] org.apache.catalina.core.ApplicationContext.log SessionListener: contextInitialized()
07-Jul-2022 10:15:02.277 INFO [main] org.apache.catalina.core.ApplicationContext.log ContextListener: attributeAdded('StockTicker', 'async.Stockticker@c27a3a2')
07-Jul-2022 10:17:52.418 INFO [Catalina-utility-2] org.apache.catalina.core.ApplicationContext.log SessionListener: contextDestroyed()
07-Jul-2022 10:17:52.418 INFO [Catalina-utility-2] org.apache.catalina.core.ApplicationContext.log ContextListener: contextDestroyed()
07-Jul-2022 10:20:03.626 INFO [Catalina-utility-2] org.apache.catalina.core.ApplicationContext.log ContextListener: contextInitialized()
07-Jul-2022 10:20:03.626 INFO [Catalina-utility-2] org.apache.catalina.core.ApplicationContext.log SessionListener: contextInitialized()
07-Jul-2022 10:20:03.627 INFO [Catalina-utility-2] org.apache.catalina.core.ApplicationContext.log ContextListener: attributeAdded('StockTicker', 'async.Stockticker@4836e81')
07-Jul-2022 10:20:18.712 INFO [main] org.apache.catalina.core.ApplicationContext.log SessionListener: contextDestroyed()
07-Jul-2022 10:20:18.712 INFO [main] org.apache.catalina.core.ApplicationContext.log ContextListener: contextDestroyed()
07-Jul-2022 10:20:22.224 INFO [main] org.apache.catalina.core.ApplicationContext.log ContextListener: contextInitialized()
07-Jul-2022 10:20:22.224 INFO [main] org.apache.catalina.core.ApplicationContext.log SessionListener: contextInitialized()
07-Jul-2022 10:20:22.225 INFO [main] org.apache.catalina.core.ApplicationContext.log ContextListener: attributeAdded('StockTicker', 'async.Stockticker@227a47')
07-Jul-2022 10:28:13.350 INFO [main] org.apache.catalina.core.ApplicationContext.log SessionListener: contextDestroyed()
07-Jul-2022 10:28:13.350 INFO [main] org.apache.catalina.core.ApplicationContext.log ContextListener: contextDestroyed()
07-Jul-2022 10:28:17.641 INFO [main] org.apache.catalina.core.ApplicationContext.log ContextListener: contextInitialized()
07-Jul-2022 10:28:17.642 INFO [main] org.apache.catalina.core.ApplicationContext.log SessionListener: contextInitialized()
07-Jul-2022 10:28:17.642 INFO [main] org.apache.catalina.core.ApplicationContext.log ContextListener: attributeAdded('StockTicker', 'async.Stockticker@e5cbff2')
07-Jul-2022 10:28:26.765 INFO [main] org.apache.catalina.core.ApplicationContext.log SessionListener: contextDestroyed()
07-Jul-2022 10:28:26.765 INFO [main] org.apache.catalina.core.ApplicationContext.log ContextListener: contextDestroyed()
07-Jul-2022 10:28:30.570 INFO [main] org.apache.catalina.core.ApplicationContext.log ContextListener: contextInitialized()
07-Jul-2022 10:28:30.570 INFO [main] org.apache.catalina.core.ApplicationContext.log SessionListener: contextInitialized()
07-Jul-2022 10:28:30.571 INFO [main] org.apache.catalina.core.ApplicationContext.log ContextListener: attributeAdded('StockTicker', 'async.Stockticker@5fa23c')
07-Jul-2022 10:30:56.907 INFO [main] org.apache.catalina.core.ApplicationContext.log SessionListener: contextDestroyed()
07-Jul-2022 10:30:56.907 INFO [main] org.apache.catalina.core.ApplicationContext.log ContextListener: contextDestroyed()
07-Jul-2022 10:31:04.339 INFO [main] org.apache.catalina.core.ApplicationContext.log ContextListener: contextInitialized()
07-Jul-2022 10:31:04.339 INFO [main] org.apache.catalina.core.ApplicationContext.log SessionListener: contextInitialized()
07-Jul-2022 10:31:04.340 INFO [main] org.apache.catalina.core.ApplicationContext.log ContextListener: attributeAdded('StockTicker', 'async.Stockticker@646c0a67')
07-Jul-2022 10:32:28.423 INFO [main] org.apache.catalina.core.ApplicationContext.log SessionListener: contextDestroyed()
07-Jul-2022 10:32:28.423 INFO [main] org.apache.catalina.core.ApplicationContext.log ContextListener: contextDestroyed()
07-Jul-2022 10:33:30.026 INFO [main] org.apache.catalina.core.ApplicationContext.log ContextListener: contextInitialized()
07-Jul-2022 10:33:30.026 INFO [main] org.apache.catalina.core.ApplicationContext.log SessionListener: contextInitialized()
07-Jul-2022 10:33:30.027 INFO [main] org.apache.catalina.core.ApplicationContext.log ContextListener: attributeAdded('StockTicker', 'async.Stockticker@68d7a2df')
07-Jul-2022 10:36:50.192 INFO [Catalina-utility-2] org.apache.catalina.core.ApplicationContext.log SessionListener: contextDestroyed()
07-Jul-2022 10:36:50.192 INFO [Catalina-utility-2] org.apache.catalina.core.ApplicationContext.log ContextListener: contextDestroyed()
07-Jul-2022 10:36:50.809 INFO [Catalina-utility-2] org.apache.catalina.core.ApplicationContext.log ContextListener: contextInitialized()
07-Jul-2022 10:36:50.809 INFO [Catalina-utility-2] org.apache.catalina.core.ApplicationContext.log SessionListener: contextInitialized()
07-Jul-2022 10:36:50.809 INFO [Catalina-utility-2] org.apache.catalina.core.ApplicationContext.log ContextListener: attributeAdded('StockTicker', 'async.Stockticker@48d86c9')
07-Jul-2022 10:37:00.851 INFO [Catalina-utility-1] org.apache.catalina.core.ApplicationContext.log SessionListener: contextDestroyed()
07-Jul-2022 10:37:00.851 INFO [Catalina-utility-1] org.apache.catalina.core.ApplicationContext.log ContextListener: contextDestroyed()
07-Jul-2022 10:37:01.356 INFO [Catalina-utility-1] org.apache.catalina.core.ApplicationContext.log ContextListener: contextInitialized()
07-Jul-2022 10:37:01.356 INFO [Catalina-utility-1] org.apache.catalina.core.ApplicationContext.log SessionListener: contextInitialized()
07-Jul-2022 10:37:01.357 INFO [Catalina-utility-1] org.apache.catalina.core.ApplicationContext.log ContextListener: attributeAdded('StockTicker', 'async.Stockticker@324d1cc2')
07-Jul-2022 10:37:08.076 INFO [main] org.apache.catalina.core.ApplicationContext.log SessionListener: contextDestroyed()
07-Jul-2022 10:37:08.076 INFO [main] org.apache.catalina.core.ApplicationContext.log ContextListener: contextDestroyed()
07-Jul-2022 10:37:11.970 INFO [main] org.apache.catalina.core.ApplicationContext.log ContextListener: contextInitialized()
07-Jul-2022 10:37:11.970 INFO [main] org.apache.catalina.core.ApplicationContext.log SessionListener: contextInitialized()
07-Jul-2022 10:37:11.971 INFO [main] org.apache.catalina.core.ApplicationContext.log ContextListener: attributeAdded('StockTicker', 'async.Stockticker@26f46fa6')
07-Jul-2022 10:39:43.105 INFO [main] org.apache.catalina.core.ApplicationContext.log SessionListener: contextDestroyed()
07-Jul-2022 10:39:43.105 INFO [main] org.apache.catalina.core.ApplicationContext.log ContextListener: contextDestroyed()
07-Jul-2022 10:39:46.718 INFO [main] org.apache.catalina.core.ApplicationContext.log ContextListener: contextInitialized()
07-Jul-2022 10:39:46.718 INFO [main] org.apache.catalina.core.ApplicationContext.log SessionListener: contextInitialized()
07-Jul-2022 10:39:46.719 INFO [main] org.apache.catalina.core.ApplicationContext.log ContextListener: attributeAdded('StockTicker', 'async.Stockticker@68d7a2df')
07-Jul-2022 10:40:56.795 INFO [Catalina-utility-2] org.apache.catalina.core.ApplicationContext.log SessionListener: contextDestroyed()
07-Jul-2022 10:40:56.795 INFO [Catalina-utility-2] org.apache.catalina.core.ApplicationContext.log ContextListener: contextDestroyed()
07-Jul-2022 10:40:57.320 INFO [Catalina-utility-2] org.apache.catalina.core.ApplicationContext.log ContextListener: contextInitialized()
07-Jul-2022 10:40:57.320 INFO [Catalina-utility-2] org.apache.catalina.core.ApplicationContext.log SessionListener: contextInitialized()
07-Jul-2022 10:40:57.321 INFO [Catalina-utility-2] org.apache.catalina.core.ApplicationContext.log ContextListener: attributeAdded('StockTicker', 'async.Stockticker@1d3b7b88')
07-Jul-2022 10:41:54.813 INFO [main] org.apache.catalina.core.ApplicationContext.log SessionListener: contextDestroyed()
07-Jul-2022 10:41:54.813 INFO [main] org.apache.catalina.core.ApplicationContext.log ContextListener: contextDestroyed()
07-Jul-2022 10:41:59.301 INFO [main] org.apache.catalina.core.ApplicationContext.log ContextListener: contextInitialized()
07-Jul-2022 10:41:59.301 INFO [main] org.apache.catalina.core.ApplicationContext.log SessionListener: contextInitialized()
07-Jul-2022 10:41:59.303 INFO [main] org.apache.catalina.core.ApplicationContext.log ContextListener: attributeAdded('StockTicker', 'async.Stockticker@646c0a67')
07-Jul-2022 10:44:25.135 INFO [main] org.apache.catalina.core.ApplicationContext.log SessionListener: contextDestroyed()
07-Jul-2022 10:44:25.135 INFO [main] org.apache.catalina.core.ApplicationContext.log ContextListener: contextDestroyed()
07-Jul-2022 10:44:28.814 INFO [main] org.apache.catalina.core.ApplicationContext.log ContextListener: contextInitialized()
07-Jul-2022 10:44:28.814 INFO [main] org.apache.catalina.core.ApplicationContext.log SessionListener: contextInitialized()
07-Jul-2022 10:44:28.815 INFO [main] org.apache.catalina.core.ApplicationContext.log ContextListener: attributeAdded('StockTicker', 'async.Stockticker@68d7a2df')
07-Jul-2022 10:47:12.695 INFO [main] org.apache.catalina.core.ApplicationContext.log SessionListener: contextDestroyed()
07-Jul-2022 10:47:12.695 INFO [main] org.apache.catalina.core.ApplicationContext.log ContextListener: contextDestroyed()
07-Jul-2022 10:47:19.255 INFO [main] org.apache.catalina.core.ApplicationContext.log ContextListener: contextInitialized()
07-Jul-2022 10:47:19.255 INFO [main] org.apache.catalina.core.ApplicationContext.log SessionListener: contextInitialized()
07-Jul-2022 10:47:19.256 INFO [main] org.apache.catalina.core.ApplicationContext.log ContextListener: attributeAdded('StockTicker', 'async.Stockticker@9596ce8')
07-Jul-2022 10:49:30.357 INFO [main] org.apache.catalina.core.ApplicationContext.log SessionListener: contextDestroyed()
07-Jul-2022 10:49:30.357 INFO [main] org.apache.catalina.core.ApplicationContext.log ContextListener: contextDestroyed()
07-Jul-2022 10:51:14.087 INFO [main] org.apache.catalina.core.ApplicationContext.log ContextListener: contextInitialized()
07-Jul-2022 10:51:14.087 INFO [main] org.apache.catalina.core.ApplicationContext.log SessionListener: contextInitialized()
07-Jul-2022 10:51:14.088 INFO [main] org.apache.catalina.core.ApplicationContext.log ContextListener: attributeAdded('StockTicker', 'async.Stockticker@5679e96b')
07-Jul-2022 10:54:42.653 INFO [main] org.apache.catalina.core.ApplicationContext.log SessionListener: contextDestroyed()
07-Jul-2022 10:54:42.653 INFO [main] org.apache.catalina.core.ApplicationContext.log ContextListener: contextDestroyed()
07-Jul-2022 10:54:46.121 INFO [main] org.apache.catalina.core.ApplicationContext.log ContextListener: contextInitialized()
07-Jul-2022 10:54:46.121 INFO [main] org.apache.catalina.core.ApplicationContext.log SessionListener: contextInitialized()
07-Jul-2022 10:54:46.122 INFO [main] org.apache.catalina.core.ApplicationContext.log ContextListener: attributeAdded('StockTicker', 'async.Stockticker@646c0a67')
07-Jul-2022 10:55:22.688 INFO [main] org.apache.catalina.core.ApplicationContext.log SessionListener: contextDestroyed()
07-Jul-2022 10:55:22.688 INFO [main] org.apache.catalina.core.ApplicationContext.log ContextListener: contextDestroyed()
07-Jul-2022 10:55:27.085 INFO [main] org.apache.catalina.core.ApplicationContext.log ContextListener: contextInitialized()
07-Jul-2022 10:55:27.085 INFO [main] org.apache.catalina.core.ApplicationContext.log SessionListener: contextInitialized()
07-Jul-2022 10:55:27.086 INFO [main] org.apache.catalina.core.ApplicationContext.log ContextListener: attributeAdded('StockTicker', 'async.Stockticker@117525fe')
07-Jul-2022 10:55:59.245 INFO [main] org.apache.catalina.core.ApplicationContext.log SessionListener: contextDestroyed()
07-Jul-2022 10:55:59.245 INFO [main] org.apache.catalina.core.ApplicationContext.log ContextListener: contextDestroyed()
07-Jul-2022 10:57:48.158 INFO [main] org.apache.catalina.core.ApplicationContext.log ContextListener: contextInitialized()
07-Jul-2022 10:57:48.158 INFO [main] org.apache.catalina.core.ApplicationContext.log SessionListener: contextInitialized()
07-Jul-2022 10:57:48.159 INFO [main] org.apache.catalina.core.ApplicationContext.log ContextListener: attributeAdded('StockTicker', 'async.Stockticker@77774571')
07-Jul-2022 10:59:34.197 INFO [main] org.apache.catalina.core.ApplicationContext.log SessionListener: contextDestroyed()
07-Jul-2022 10:59:34.197 INFO [main] org.apache.catalina.core.ApplicationContext.log ContextListener: contextDestroyed()
07-Jul-2022 10:59:38.125 INFO [main] org.apache.catalina.core.ApplicationContext.log ContextListener: contextInitialized()
07-Jul-2022 10:59:38.125 INFO [main] org.apache.catalina.core.ApplicationContext.log SessionListener: contextInitialized()
07-Jul-2022 10:59:38.126 INFO [main] org.apache.catalina.core.ApplicationContext.log ContextListener: attributeAdded('StockTicker', 'async.Stockticker@68d7a2df')
07-Jul-2022 11:04:30.560 INFO [main] org.apache.catalina.core.ApplicationContext.log SessionListener: contextDestroyed()
07-Jul-2022 11:04:30.560 INFO [main] org.apache.catalina.core.ApplicationContext.log ContextListener: contextDestroyed()
07-Jul-2022 11:16:26.356 INFO [main] org.apache.catalina.core.ApplicationContext.log ContextListener: contextInitialized()
07-Jul-2022 11:16:26.356 INFO [main] org.apache.catalina.core.ApplicationContext.log SessionListener: contextInitialized()
07-Jul-2022 11:16:26.357 INFO [main] org.apache.catalina.core.ApplicationContext.log ContextListener: attributeAdded('StockTicker', 'async.Stockticker@48b4a043')
07-Jul-2022 11:20:10.773 INFO [main] org.apache.catalina.core.ApplicationContext.log SessionListener: contextDestroyed()
07-Jul-2022 11:20:10.773 INFO [main] org.apache.catalina.core.ApplicationContext.log ContextListener: contextDestroyed()
07-Jul-2022 11:20:14.552 INFO [main] org.apache.catalina.core.ApplicationContext.log ContextListener: contextInitialized()
07-Jul-2022 11:20:14.552 INFO [main] org.apache.catalina.core.ApplicationContext.log SessionListener: contextInitialized()
07-Jul-2022 11:20:14.553 INFO [main] org.apache.catalina.core.ApplicationContext.log ContextListener: attributeAdded('StockTicker', 'async.Stockticker@3ed7821')
07-Jul-2022 11:22:07.769 INFO [main] org.apache.catalina.core.ApplicationContext.log SessionListener: contextDestroyed()
07-Jul-2022 11:22:07.769 INFO [main] org.apache.catalina.core.ApplicationContext.log ContextListener: contextDestroyed()
07-Jul-2022 11:22:11.249 INFO [main] org.apache.catalina.core.ApplicationContext.log ContextListener: contextInitialized()
07-Jul-2022 11:22:11.249 INFO [main] org.apache.catalina.core.ApplicationContext.log SessionListener: contextInitialized()
07-Jul-2022 11:22:11.250 INFO [main] org.apache.catalina.core.ApplicationContext.log ContextListener: attributeAdded('StockTicker', 'async.Stockticker@12fcc71f')
07-Jul-2022 12:09:47.057 INFO [main] org.apache.catalina.core.ApplicationContext.log SessionListener: contextDestroyed()
07-Jul-2022 12:09:47.057 INFO [main] org.apache.catalina.core.ApplicationContext.log ContextListener: contextDestroyed()
07-Jul-2022 12:09:53.704 INFO [main] org.apache.catalina.core.ApplicationContext.log ContextListener: contextInitialized()
07-Jul-2022 12:09:53.704 INFO [main] org.apache.catalina.core.ApplicationContext.log SessionListener: contextInitialized()
07-Jul-2022 12:09:53.705 INFO [main] org.apache.catalina.core.ApplicationContext.log ContextListener: attributeAdded('StockTicker', 'async.Stockticker@a9f023e')
07-Jul-2022 12:10:03.096 INFO [main] org.apache.catalina.core.ApplicationContext.log SessionListener: contextDestroyed()
07-Jul-2022 12:10:03.096 INFO [main] org.apache.catalina.core.ApplicationContext.log ContextListener: contextDestroyed()
07-Jul-2022 12:21:38.705 INFO [main] org.apache.catalina.core.ApplicationContext.log ContextListener: contextInitialized()
07-Jul-2022 12:21:38.706 INFO [main] org.apache.catalina.core.ApplicationContext.log SessionListener: contextInitialized()
07-Jul-2022 12:21:38.706 INFO [main] org.apache.catalina.core.ApplicationContext.log ContextListener: attributeAdded('StockTicker', 'async.Stockticker@4b200971')
07-Jul-2022 19:05:26.621 INFO [Catalina-utility-1] org.apache.catalina.core.ApplicationContext.log SessionListener: contextDestroyed()
07-Jul-2022 19:05:26.621 INFO [Catalina-utility-1] org.apache.catalina.core.ApplicationContext.log ContextListener: contextDestroyed()
